#
# There is insufficient memory for the Java Runtime Environment to continue.
# Native memory allocation (mmap) failed to map 123731968 bytes for G1 virtual space
# Possible reasons:
#   The system is out of physical RAM or swap space
#   The process is running with CompressedOops enabled, and the Java Heap may be blocking the growth of the native heap
# Possible solutions:
#   Reduce memory load on the system
#   Increase physical memory or swap space
#   Check if swap backing store is full
#   Decrease Java heap size (-Xmx/-Xms)
#   Decrease number of Java threads
#   Decrease Java thread stack sizes (-Xss)
#   Set larger code cache with -XX:ReservedCodeCacheSize=
#   JVM is running with Unscaled Compressed Oops mode in which the Java heap is
#     placed in the first 4GB address space. The Java Heap base address is the
#     maximum limit for the native heap growth. Please use -XX:HeapBaseMinAddress
#     to set the Java Heap base and to place the Java Heap above 4GB virtual address.
# This output file may be truncated or incomplete.
#
#  Out of Memory Error (os_windows.cpp:3530), pid=11032, tid=14732
#
# JRE version:  (18.0.1.1+2) (build )
# Java VM: Java HotSpot(TM) 64-Bit Server VM (18.0.1.1+2-6, mixed mode, sharing, tiered, compressed oops, compressed class ptrs, g1 gc, windows-amd64)
# No core dump will be written. Minidumps are not enabled by default on client versions of Windows
#

---------------  S U M M A R Y ------------

Command Line: -Dfile.encoding=UTF-8 --module-path=C:\Users\shubham shukla\OneDrive\Documents\NetBeansProjects\Bank Management System\build\classes bank.management.system.SignupOne

Host: AMD Ryzen 7 5700U with Radeon Graphics         , 16 cores, 7G,  Windows 11 , 64 bit Build 22621 (10.0.22621.1105)
Time: Sun Jan 29 02:09:25 2023 India Standard Time elapsed time: 0.027716 seconds (0d 0h 0m 0s)

---------------  T H R E A D  ---------------

Current thread (0x0000024a497fd4a0):  JavaThread "Unknown thread" [_thread_in_vm, id=14732, stack(0x000000ae09e00000,0x000000ae09f00000)]

Stack: [0x000000ae09e00000,0x000000ae09f00000]
Native frames: (J=compiled Java code, j=interpreted, Vv=VM code, C=native code)
V  [jvm.dll+0x69887a]
V  [jvm.dll+0x7f38bd]
V  [jvm.dll+0x7f51ce]
V  [jvm.dll+0x7f5883]
V  [jvm.dll+0x25ca3f]
V  [jvm.dll+0x6957c9]
V  [jvm.dll+0x68a2fa]
V  [jvm.dll+0x321efb]
V  [jvm.dll+0x3298d6]
V  [jvm.dll+0x37e47e]
V  [jvm.dll+0x37e6af]
V  [jvm.dll+0x2f9c7a]
V  [jvm.dll+0x2facdd]
V  [jvm.dll+0x7c24f0]
V  [jvm.dll+0x38b801]
V  [jvm.dll+0x7a1203]
V  [jvm.dll+0x40d6bf]
V  [jvm.dll+0x40f091]
C  [jli.dll+0x526b]
C  [ucrtbase.dll+0x29363]
C  [KERNEL32.DLL+0x126bd]
C  [ntdll.dll+0x5dfb8]


---------------  P R O C E S S  ---------------

Threads class SMR info:
_java_thread_list=0x00007ff80261d550, length=0, elements={
}

Java Threads: ( => current thread )

Other Threads:
  0x0000024a4985c8d0 WorkerThread "GC Thread#0" [stack: 0x000000ae09f00000,0x000000ae0a000000] [id=16216]
  0x0000024a4986e120 ConcurrentGCThread "G1 Main Marker" [stack: 0x000000ae0a000000,0x000000ae0a100000] [id=26984]
  0x0000024a4986f930 WorkerThread "G1 Conc#0" [stack: 0x000000ae0a100000,0x000000ae0a200000] [id=7740]

[error occurred during error reporting (printing all threads), id 0xc0000005, EXCEPTION_ACCESS_VIOLATION (0xc0000005) at pc=0x00007ff801e4a217]

VM state: not at safepoint (not fully initialized)

VM Mutex/Monitor currently owned by a thread:  ([mutex/lock_event])
[0x0000024a497fa090] Heap_lock - owner thread: 0x0000024a497fd4a0

Heap address: 0x000000008a800000, size: 1880 MB, Compressed Oops mode: 32-bit

CDS archive(s) mapped at: [0x0000000000000000-0x0000000000000000-0x0000000000000000), size 0, SharedBaseAddress: 0x0000000800000000, ArchiveRelocationMode: 0.
Narrow klass base: 0x0000000000000000, Narrow klass shift: 0, Narrow klass range: 0x0

GC Precious Log:
 CardTable entry size: 512
 Card Set container configuration: InlinePtr #cards 5 size 8 Array Of Cards #cards 12 size 40 Howl #buckets 4 coarsen threshold 1843 Howl Bitmap #cards 512 size 80 coarsen threshold 460 Card regions per heap region 1 cards per card region 2048

Heap:
 garbage-first heap   total 0K, used 0K [0x000000008a800000, 0x0000000100000000)
  region size 1024K, 0 young (0K), 0 survivors (0K)

[error occurred during error reporting (printing heap information), id 0xc0000005, EXCEPTION_ACCESS_VIOLATION (0xc0000005) at pc=0x00007ff802230cb9]

GC Heap History (0 events):
No events

Deoptimization events (0 events):
No events

Classes loaded (0 events):
No events

Classes unloaded (0 events):
No events

Classes redefined (0 events):
No events

Internal exceptions (0 events):
No events

VM Operations (0 events):
No events

Events (1 events):
Event: 0.010 Loaded shared library C:\Program Files\Java\jdk-18.0.1.1\bin\java.dll


Dynamic libraries:
0x00007ff601dc0000 - 0x00007ff601dd0000 	C:\Program Files\Java\jdk-18.0.1.1\bin\java.exe
0x00007ff8a0490000 - 0x00007ff8a06a4000 	C:\WINDOWS\SYSTEM32\ntdll.dll
0x00007ff89f7d0000 - 0x00007ff89f893000 	C:\WINDOWS\System32\KERNEL32.DLL
0x00007ff89ddc0000 - 0x00007ff89e15d000 	C:\WINDOWS\System32\KERNELBASE.dll
0x00007ff89d8e0000 - 0x00007ff89d9f1000 	C:\WINDOWS\System32\ucrtbase.dll
0x00007ff88f080000 - 0x00007ff88f098000 	C:\Program Files\Java\jdk-18.0.1.1\bin\jli.dll
0x00007ff89ea00000 - 0x00007ff89eaae000 	C:\WINDOWS\System32\ADVAPI32.dll
0x00007ff89ff90000 - 0x00007ff8a0037000 	C:\WINDOWS\System32\msvcrt.dll
0x00007ff88be90000 - 0x00007ff88beaa000 	C:\Program Files\Java\jdk-18.0.1.1\bin\VCRUNTIME140.dll
0x00007ff89ed70000 - 0x00007ff89ee14000 	C:\WINDOWS\System32\sechost.dll
0x00007ff89fdf0000 - 0x00007ff89ff05000 	C:\WINDOWS\System32\RPCRT4.dll
0x00007ff8a0260000 - 0x00007ff8a040d000 	C:\WINDOWS\System32\USER32.dll
0x00007ff881b90000 - 0x00007ff881e1e000 	C:\WINDOWS\WinSxS\amd64_microsoft.windows.common-controls_6595b64144ccf1df_6.0.22621.608_none_a9444ca7c10bb01d\COMCTL32.dll
0x00007ff89d8b0000 - 0x00007ff89d8d6000 	C:\WINDOWS\System32\win32u.dll
0x00007ff89e7d0000 - 0x00007ff89e7f9000 	C:\WINDOWS\System32\GDI32.dll
0x00007ff89da00000 - 0x00007ff89db12000 	C:\WINDOWS\System32\gdi32full.dll
0x00007ff89e1e0000 - 0x00007ff89e27a000 	C:\WINDOWS\System32\msvcp_win.dll
0x00007ff894610000 - 0x00007ff89461a000 	C:\WINDOWS\SYSTEM32\VERSION.dll
0x00007ff8a0410000 - 0x00007ff8a0442000 	C:\WINDOWS\System32\IMM32.DLL
0x00007ff88cf50000 - 0x00007ff88cf5c000 	C:\Program Files\Java\jdk-18.0.1.1\bin\vcruntime140_1.dll
0x00007ff879c40000 - 0x00007ff879ccd000 	C:\Program Files\Java\jdk-18.0.1.1\bin\msvcp140.dll
0x00007ff801b40000 - 0x00007ff802750000 	C:\Program Files\Java\jdk-18.0.1.1\bin\server\jvm.dll
0x00007ff89fde0000 - 0x00007ff89fde8000 	C:\WINDOWS\System32\PSAPI.DLL
0x00007ff8957b0000 - 0x00007ff8957e4000 	C:\WINDOWS\SYSTEM32\WINMM.dll
0x00007ff864890000 - 0x00007ff864899000 	C:\WINDOWS\SYSTEM32\WSOCK32.dll
0x00007ff89ff10000 - 0x00007ff89ff81000 	C:\WINDOWS\System32\WS2_32.dll
0x00007ff89c8d0000 - 0x00007ff89c8e8000 	C:\WINDOWS\SYSTEM32\kernel.appcore.dll
0x00007ff88cc20000 - 0x00007ff88cc2a000 	C:\Program Files\Java\jdk-18.0.1.1\bin\jimage.dll
0x00007ff89acb0000 - 0x00007ff89aede000 	C:\WINDOWS\SYSTEM32\DBGHELP.DLL
0x00007ff89e280000 - 0x00007ff89e60a000 	C:\WINDOWS\System32\combase.dll
0x00007ff89e800000 - 0x00007ff89e8d7000 	C:\WINDOWS\System32\OLEAUT32.dll
0x00007ff88b190000 - 0x00007ff88b1c2000 	C:\WINDOWS\SYSTEM32\dbgcore.DLL
0x00007ff89e160000 - 0x00007ff89e1db000 	C:\WINDOWS\System32\bcryptPrimitives.dll
0x00007ff881200000 - 0x00007ff881225000 	C:\Program Files\Java\jdk-18.0.1.1\bin\java.dll

dbghelp: loaded successfully - version: 4.0.5 - missing functions: none
symbol engine: initialized successfully - sym options: 0x614 - pdb path: .;C:\Program Files\Java\jdk-18.0.1.1\bin;C:\WINDOWS\SYSTEM32;C:\WINDOWS\WinSxS\amd64_microsoft.windows.common-controls_6595b64144ccf1df_6.0.22621.608_none_a9444ca7c10bb01d;C:\Program Files\Java\jdk-18.0.1.1\bin\server

VM Arguments:
jvm_args: -Dfile.encoding=UTF-8 --module-path=C:\Users\shubham shukla\OneDrive\Documents\NetBeansProjects\Bank Management System\build\classes 
java_command: bank.management.system.SignupOne
java_class_path (initial): D:\java;D:\jcalendar-tz-1.3.3-4.jar;C:\Users\shubham shukla\OneDrive\Documents\NetBeansProjects\Bank Management System\build\classes
Launcher Type: SUN_STANDARD

[Global flags]
     intx CICompilerCount                          = 12                                        {product} {ergonomic}
     uint ConcGCThreads                            = 3                                         {product} {ergonomic}
     uint G1ConcRefinementThreads                  = 13                                        {product} {ergonomic}
   size_t G1HeapRegionSize                         = 1048576                                   {product} {ergonomic}
    uintx GCDrainStackTargetSize                   = 64                                        {product} {ergonomic}
   size_t InitialHeapSize                          = 123731968                                 {product} {ergonomic}
   size_t MarkStackSize                            = 4194304                                   {product} {ergonomic}
   size_t MaxHeapSize                              = 1971322880                                {product} {ergonomic}
   size_t MinHeapDeltaBytes                        = 1048576                                   {product} {ergonomic}
   size_t MinHeapSize                              = 8388608                                   {product} {ergonomic}
    uintx NonNMethodCodeHeapSize                   = 7602480                                {pd product} {ergonomic}
    uintx NonProfiledCodeHeapSize                  = 122027880                              {pd product} {ergonomic}
    uintx ProfiledCodeHeapSize                     = 122027880                              {pd product} {ergonomic}
    uintx ReservedCodeCacheSize                    = 251658240                              {pd product} {ergonomic}
     bool SegmentedCodeCache                       = true                                      {product} {ergonomic}
   size_t SoftMaxHeapSize                          = 1971322880                             {manageable} {ergonomic}
     bool UseCompressedClassPointers               = true                           {product lp64_product} {ergonomic}
     bool UseCompressedOops                        = true                           {product lp64_product} {ergonomic}
     bool UseG1GC                                  = true                                      {product} {ergonomic}
     bool UseLargePagesIndividualAllocation        = false                                  {pd product} {ergonomic}

Logging:
Log output configuration:
 #0: stdout all=warning uptime,level,tags foldmultilines=false
 #1: stderr all=off uptime,level,tags foldmultilines=false

Environment Variables:
JAVA_HOME=C:\Program Files\Java\jdk-18.0.1.1
PATH=C:\Program Files\Common Files\Oracle\Java\javapath;C:\Python310\Scripts\;C:\Python310\;C:\WINDOWS\system32;C:\WINDOWS;C:\WINDOWS\System32\Wbem;C:\WINDOWS\System32\WindowsPowerShell\v1.0\;C:\WINDOWS\System32\OpenSSH\;C:\Program Files\Cloudflare\Cloudflare WARP;C:\Program Files\Cloudflare\Cloudflare WARP\;C:\Program Files\Git\cmd;C:\Program Files\Java\jdk-18.0.1.1\bin;C:\ProgramData\chocolatey\bin;C:\Program Files\nodejs\;C:\Program Files\MySQL\MySQL Shell 8.0\bin\;C:\Users\shubham shukla\AppData\Local\Microsoft\WindowsApps;C:\Users\shubham shukla\AppData\Local\Programs\Microsoft VS Code\bin;C:\Program Files (x86)\mingw-w64\i686-8.1.0-posix-dwarf-rt_v6-rev0\mingw32\bin;C:\Users\shubham shukla\AppData\Roaming\npm
USERNAME=shubham shukla
OS=Windows_NT
PROCESSOR_IDENTIFIER=AMD64 Family 23 Model 104 Stepping 1, AuthenticAMD



---------------  S Y S T E M  ---------------

OS:
 Windows 11 , 64 bit Build 22621 (10.0.22621.1105)
OS uptime: 2 days 9:29 hours
Hyper-V role detected

CPU: total 16 (initial active 16) (16 cores per cpu, 2 threads per core) family 23 model 104 stepping 1 microcode 0x0, cx8, cmov, fxsr, ht, mmx, 3dnowpref, sse, sse2, sse3, ssse3, sse4a, sse4.1, sse4.2, popcnt, lzcnt, tsc, tscinvbit, avx, avx2, aes, clmul, bmi1, bmi2, adx, sha, fma, vzeroupper, clflush, clflushopt, hv

Memory: 4k page, system-wide physical 7514M (740M free)
TotalPageFile size 24652M (AvailPageFile size 102M)
current process WorkingSet (physical memory assigned to process): 11M, peak: 11M
current process commit charge ("private bytes"): 71M, peak: 189M

vm_info: Java HotSpot(TM) 64-Bit Server VM (18.0.1.1+2-6) for windows-amd64 JRE (18.0.1.1+2-6), built on Apr 25 2022 21:53:15 by "mach5one" with MS VC++ 16.8 / 16.9 (VS2019)

END.
